<?xml version="1.0" encoding="UTF-8"?>
<testng-results skipped="7" failed="0" total="7" passed="0">
  <reporter-output>
  </reporter-output>
  <suite name="Command line suite" duration-ms="61" started-at="2016-02-04T19:01:52Z" finished-at="2016-02-04T19:01:52Z">
    <groups>
    </groups>
    <test name="Command line test" duration-ms="61" started-at="2016-02-04T19:01:52Z" finished-at="2016-02-04T19:01:52Z">
      <class name="test.java.mobRegTest">
        <test-method status="SKIP" signature="setup()[pri:0, instance:test.java.mobRegTest@5ebec15]" name="setup" is-config="true" duration-ms="0" started-at="2016-02-04T19:01:52Z" finished-at="2016-02-04T19:01:52Z">
        </test-method>
        <test-method status="SKIP" signature="refreshPage()[pri:0, instance:test.java.mobRegTest@5ebec15]" name="refreshPage" is-config="true" duration-ms="0" started-at="2016-02-04T19:01:52Z" finished-at="2016-02-04T19:01:52Z">
        </test-method>
        <test-method status="SKIP" signature="addCookie()[pri:0, instance:test.java.mobRegTest@5ebec15]" name="addCookie" duration-ms="0" started-at="2016-02-04T19:01:52Z" finished-at="2016-02-04T19:01:52Z">
        </test-method>
        <test-method status="SKIP" signature="regTest()[pri:0, instance:test.java.mobRegTest@5ebec15]" name="regTest" duration-ms="3" started-at="2016-02-04T19:01:52Z" depends-on-methods="test.java.mobRegTest.addCookie" finished-at="2016-02-04T19:01:52Z">
        </test-method>
        <test-method status="SKIP" signature="saveDataToCSV()[pri:0, instance:test.java.mobRegTest@5ebec15]" name="saveDataToCSV" duration-ms="0" started-at="2016-02-04T19:01:52Z" depends-on-methods="test.java.mobRegTest.regTest" finished-at="2016-02-04T19:01:52Z">
        </test-method>
        <test-method status="SKIP" signature="skipFunnel()[pri:0, instance:test.java.mobRegTest@5ebec15]" name="skipFunnel" duration-ms="0" started-at="2016-02-04T19:01:52Z" depends-on-methods="test.java.mobRegTest.regTest" finished-at="2016-02-04T19:01:52Z">
        </test-method>
        <test-method status="SKIP" signature="checkSearch()[pri:0, instance:test.java.mobRegTest@5ebec15]" name="checkSearch" duration-ms="0" started-at="2016-02-04T19:01:52Z" depends-on-methods="test.java.mobRegTest.skipFunnel" finished-at="2016-02-04T19:01:52Z">
        </test-method>
        <test-method status="SKIP" signature="checkFiveFreeMessage()[pri:0, instance:test.java.mobRegTest@5ebec15]" name="checkFiveFreeMessage" duration-ms="0" started-at="2016-02-04T19:01:52Z" depends-on-methods="test.java.mobRegTest.checkSearch" finished-at="2016-02-04T19:01:52Z">
        </test-method>
        <test-method status="SKIP" signature="closeBrowser()[pri:0, instance:test.java.mobRegTest@5ebec15]" name="closeBrowser" is-config="true" duration-ms="0" started-at="2016-02-04T19:01:52Z" finished-at="2016-02-04T19:01:52Z">
        </test-method>
      </class>
      <class name="mobRegTest">
        <test-method status="FAIL" signature="setup()[pri:0, instance:mobRegTest@3d8c7aca]" name="setup" is-config="true" duration-ms="0" started-at="2016-02-04T19:01:52Z" finished-at="2016-02-04T19:01:52Z">
          <exception class="java.lang.NoSuchMethodError">
            <message>
              <![CDATA[core.browser.ChromeUtils: method <init>()V not found]]>
            </message>
            <full-stacktrace>
              <![CDATA[java.lang.NoSuchMethodError: core.browser.ChromeUtils: method <init>()V not found
	at mobRegTest.setup(mobRegTest.java:18)
	at sun.reflect.NativeMethodAccessorImpl.invoke0(Native Method)
	at sun.reflect.NativeMethodAccessorImpl.invoke(NativeMethodAccessorImpl.java:62)
	at sun.reflect.DelegatingMethodAccessorImpl.invoke(DelegatingMethodAccessorImpl.java:43)
	at java.lang.reflect.Method.invoke(Method.java:497)
	at org.testng.internal.MethodInvocationHelper.invokeMethod(MethodInvocationHelper.java:80)
	at org.testng.internal.Invoker.invokeConfigurationMethod(Invoker.java:543)
	at org.testng.internal.Invoker.invokeConfigurations(Invoker.java:212)
	at org.testng.internal.Invoker.invokeConfigurations(Invoker.java:138)
	at org.testng.TestRunner.beforeRun(TestRunner.java:637)
	at org.testng.TestRunner.run(TestRunner.java:605)
	at org.testng.SuiteRunner.runTest(SuiteRunner.java:334)
	at org.testng.SuiteRunner.runSequentially(SuiteRunner.java:329)
	at org.testng.SuiteRunner.privateRun(SuiteRunner.java:291)
	at org.testng.SuiteRunner.run(SuiteRunner.java:240)
	at org.testng.SuiteRunnerWorker.runSuite(SuiteRunnerWorker.java:53)
	at org.testng.SuiteRunnerWorker.run(SuiteRunnerWorker.java:87)
	at org.testng.TestNG.runSuitesSequentially(TestNG.java:1137)
	at org.testng.TestNG.runSuitesLocally(TestNG.java:1062)
	at org.testng.TestNG.run(TestNG.java:974)
	at org.apache.maven.surefire.testng.TestNGExecutor.run(TestNGExecutor.java:77)
	at org.apache.maven.surefire.testng.TestNGDirectoryTestSuite.executeMulti(TestNGDirectoryTestSuite.java:189)
	at org.apache.maven.surefire.testng.TestNGDirectoryTestSuite.execute(TestNGDirectoryTestSuite.java:105)
	at org.apache.maven.surefire.testng.TestNGProvider.invoke(TestNGProvider.java:117)
	at sun.reflect.NativeMethodAccessorImpl.invoke0(Native Method)
	at sun.reflect.NativeMethodAccessorImpl.invoke(NativeMethodAccessorImpl.java:62)
	at sun.reflect.DelegatingMethodAccessorImpl.invoke(DelegatingMethodAccessorImpl.java:43)
	at java.lang.reflect.Method.invoke(Method.java:497)
	at org.apache.maven.surefire.util.ReflectionUtils.invokeMethodWithArray2(ReflectionUtils.java:208)
	at org.apache.maven.surefire.booter.ProviderFactory$ProviderProxy.invoke(ProviderFactory.java:159)
	at org.apache.maven.surefire.booter.ProviderFactory.invokeProvider(ProviderFactory.java:87)
	at org.apache.maven.surefire.booter.ForkedBooter.runSuitesInProcess(ForkedBooter.java:153)
	at org.apache.maven.surefire.booter.ForkedBooter.main(ForkedBooter.java:95)
]]>
            </full-stacktrace>
          </exception>
        </test-method>
        <test-method status="SKIP" signature="regTest()[pri:0, instance:mobRegTest@3d8c7aca]" name="regTest" duration-ms="0" started-at="2016-02-04T19:01:52Z" finished-at="2016-02-04T19:01:52Z">
        </test-method>
      </class>
    </test>
  </suite>
</testng-results>
